Start testing: Jan 05 01:23 +07
----------------------------------------------------------
1/1 Testing: googletest
1/1 Test: googletest
Command: "/Users/artemsmakov/engnr-nsu-cpp-2021/2/cmake-build-debug/tests/calculator_tests"
Directory: /Users/artemsmakov/engnr-nsu-cpp-2021/2/cmake-build-debug/tests
"googletest" start time: Jan 05 01:23 +07
Output:
----------------------------------------------------------
[==========] Running 10 tests from 10 test suites.
[----------] Global test environment set-up.
[----------] 1 test from test1
[ RUN      ] test1.base_test
220
[       OK ] test1.base_test (0 ms)
[----------] 1 test from test1 (0 ms total)

[----------] 1 test from test2
[ RUN      ] test2.ABS_test
1
[       OK ] test2.ABS_test (0 ms)
[----------] 1 test from test2 (0 ms total)

[----------] 1 test from test3
[ RUN      ] test3.just_big_test
100
13
156
156
156
200
156
290
45240
[       OK ] test3.just_big_test (0 ms)
[----------] 1 test from test3 (0 ms total)

[----------] 1 test from test4
[ RUN      ] test4.Pop_ex
[       OK ] test4.Pop_ex (0 ms)
[----------] 1 test from test4 (0 ms total)

[----------] 1 test from test5
[ RUN      ] test5.zero_DIV
[       OK ] test5.zero_DIV (0 ms)
[----------] 1 test from test5 (0 ms total)

[----------] 1 test from test6
[ RUN      ] test6.Invalid_operation
[       OK ] test6.Invalid_operation (0 ms)
[----------] 1 test from test6 (0 ms total)

[----------] 1 test from test7
[ RUN      ] test7.empty_stack
[       OK ] test7.empty_stack (0 ms)
[----------] 1 test from test7 (0 ms total)

[----------] 1 test from test8
[ RUN      ] test8.stack_deficit
[       OK ] test8.stack_deficit (0 ms)
[----------] 1 test from test8 (0 ms total)

[----------] 1 test from test9
[ RUN      ] test9.very_big_grem
[       OK ] test9.very_big_grem (0 ms)
[----------] 1 test from test9 (0 ms total)

[----------] 1 test from test10
[ RUN      ] test10.Empty_push
<end of output>
Test time =   0.01 sec
----------------------------------------------------------
Test Failed.
"googletest" end time: Jan 05 01:23 +07
"googletest" time elapsed: 00:00:00
----------------------------------------------------------

End testing: Jan 05 01:23 +07
