Start testing: Jan 04 17:06 +07
----------------------------------------------------------
1/1 Testing: googletest
1/1 Test: googletest
Command: "/Users/artemsmakov/engnr-nsu-cpp-2021/2/cmake-build-debug/tests/calculator_tests"
Directory: /Users/artemsmakov/engnr-nsu-cpp-2021/2/cmake-build-debug/tests
"googletest" start time: Jan 04 17:06 +07
Output:
----------------------------------------------------------
[==========] Running 5 tests from 5 test suites.
[----------] Global test environment set-up.
[----------] 1 test from test1
[ RUN      ] test1.base_test
220
[       OK ] test1.base_test (1 ms)
[----------] 1 test from test1 (1 ms total)

[----------] 1 test from test3
[ RUN      ] test3.test_3
18
[       OK ] test3.test_3 (0 ms)
[----------] 1 test from test3 (0 ms total)

[----------] 1 test from test6
[ RUN      ] test6.test_6
-90
1
-90
90
90
90
45
2
[       OK ] test6.test_6 (0 ms)
[----------] 1 test from test6 (0 ms total)

[----------] 1 test from test7
[ RUN      ] test7.very_big_grem
[       OK ] test7.very_big_grem (0 ms)
[----------] 1 test from test7 (0 ms total)

[----------] 1 test from test8
[ RUN      ] test8.test_8
[       OK ] test8.test_8 (0 ms)
[----------] 1 test from test8 (0 ms total)

[----------] Global test environment tear-down
[==========] 5 tests from 5 test suites ran. (2 ms total)
[  PASSED  ] 5 tests.
<end of output>
Test time =   0.50 sec
----------------------------------------------------------
Test Passed.
"googletest" end time: Jan 04 17:06 +07
"googletest" time elapsed: 00:00:00
----------------------------------------------------------

End testing: Jan 04 17:06 +07
